<?xml version="1.0" encoding="UTF-8" standalone="no"?>
<testsuite failures="0" name="cucumber.runtime.formatter.JUnitFormatter" skipped="1" tests="1" time="0">
<testcase classname="SearchBox Action" name="Successful search with Valid Credentials" time="0">
<skipped><![CDATA[Given User is on Home Page..................................................undefined
When User Navigate to LogIn Page............................................undefined
Then User enters UserName and Password......................................undefined
]]></skipped>
</testcase>
</testsuite>
